openmpi/gnu/4.8.1/1.8.6(12):ERROR:150: Module 'openmpi/gnu/4.8.1/1.8.6' conflicts with the currently loaded module(s) 'openmpi/gnu/4.6.1/1.6.5'
openmpi/gnu/4.8.1/1.8.6(12):ERROR:102: Tcl command execution failed: source "$moduledir/../../common"

dtst:0 node:4 proc:64
Training Vector size: 60000
Training Vector feature dimension: 784
Training Label Vector size: 60000
Test Vector size: 10000
Test Vector feature dimension: 784
Test Label Vector size: 10000
Extraction done !, no of training examples (N): 12593, no of features (M): 784, no of test examples (N_test): 2109
10: mystart_index: 1970
42: mystart_index: 8274
15: mystart_index: 2955
47: mystart_index: 9259
1: mystart_index: 197
4: mystart_index: 788
33: mystart_index: 6501
36: mystart_index: 7092
0: mystart_index: 0
32: mystart_index: 6304
5: mystart_index: 985
37: mystart_index: 7289
7: mystart_index: 1379
14: mystart_index: 2758
39: mystart_index: 7683
46: mystart_index: 9062
13: mystart_index: 2561
45: mystart_index: 8865
9: mystart_index: 1773
41: mystart_index: 8077
8: mystart_index: 1576
52: mystart_index: 10241
20: mystart_index: 3940
57: mystart_index: 11221
6: mystart_index: 1182
25: mystart_index: 4925
2: mystart_index: 394
12: mystart_index: 2364
40: mystart_index: 7880
44: mystart_index: 8668
34: mystart_index: 6698
38: mystart_index: 7486
58: mystart_index: 11417
26: mystart_index: 5122
3: mystart_index: 591
35: mystart_index: 6895
63: mystart_index: 12397
31: mystart_index: 6107
11: mystart_index: 2167
43: mystart_index: 8471
29: mystart_index: 5713
60: mystart_index: 11809
16: mystart_index: 3152
61: mystart_index: 12005
28: mystart_index: 5516
48: mystart_index: 9456
30: mystart_index: 5910
62: mystart_index: 12201
22: mystart_index: 4334
54: mystart_index: 10633
17: mystart_index: 3349
49: mystart_index: 9653
51: mystart_index: 10045
23: mystart_index: 4531
55: mystart_index: 10829
19: mystart_index: 3743
21: mystart_index: 4137
53: mystart_index: 10437
56: mystart_index: 11025
24: mystart_index: 4728
27: mystart_index: 5319
59: mystart_index: 11613
18: mystart_index: 3546
50: mystart_index: 9849
1: gama value: 3e-08
4: gama value: 3e-08
3: gama value: 3e-08
2: gama value: 3e-08
8: gama value: 3e-08
5: gama value: 3e-08
7: gama value: 3e-08
6: gama value: 3e-08
9: gama value: 3e-08
10: gama value: 3e-08
11: gama value: 3e-08
12: gama value: 3e-08
13: gama value: 3e-08
14: gama value: 3e-08
15: gama value: 3e-08
17: gama value: 3e-08
16: gama value: 3e-08
18: gama value: 3e-08
19: gama value: 3e-08
21: gama value: 3e-08
20: gama value: 3e-08
23: gama value: 3e-08
22: gama value: 3e-08
25: gama value: 3e-08
24: gama value: 3e-08
26: gama value: 3e-08
27: gama value: 3e-08
28: gama value: 3e-08
29: gama value: 3e-08
30: gama value: 3e-08
31: gama value: 3e-08
33: gama value: 3e-08
32: gama value: 3e-08
34: gama value: 3e-08
35: gama value: 3e-08
36: gama value: 3e-08
37: gama value: 3e-08
38: gama value: 3e-08
39: gama value: 3e-08
41: gama value: 3e-08
40: gama value: 3e-08
43: gama value: 3e-08
42: gama value: 3e-08
45: gama value: 3e-08
44: gama value: 3e-08
47: gama value: 3e-08
46: gama value: 3e-08
48: gama value: 3e-08
49: gama value: 3e-08
50: gama value: 3e-08
51: gama value: 3e-08
52: gama value: 3e-08
53: gama value: 3e-08
54: gama value: 3e-08
55: gama value: 3e-08
56: gama value: 3e-08
57: gama value: 3e-08
58: gama value: 3e-08
59: gama value: 3e-08
60: gama value: 3e-08
0: gama value: 3e-08
62: gama value: 3e-08
61: gama value: 3e-08
63: gama value: 3e-08
14: Returned from SMO
7: Returned from SMO
11: Returned from SMO
10: Returned from SMO
15: Returned from SMO
2: Returned from SMO
8: Returned from SMO
6: Returned from SMO
12: Returned from SMO
1: Returned from SMO
4: Returned from SMO
3: Returned from SMO
13: Returned from SMO
5: Returned from SMO
9: Returned from SMO
0: Returned from SMO
0: b_up and b_low: -1.08457 0.0232477
38: Returned from SMO
62: Returned from SMO
19: Returned from SMO
43: Returned from SMO
53: Returned from SMO
21: Returned from SMO
46: Returned from SMO
58: Returned from SMO
22: Returned from SMO
35: Returned from SMO
48: Returned from SMO
25: Returned from SMO
44: Returned from SMO
54: Returned from SMO
17: Returned from SMO
45: Returned from SMO
60: Returned from SMO
30: Returned from SMO
37: Returned from SMO
50: Returned from SMO
27: Returned from SMO
40: Returned from SMO
52: Returned from SMO
24: Returned from SMO
33: Returned from SMO
51: Returned from SMO
31: Returned from SMO
32: Returned from SMO
56: Returned from SMO
28: Returned from SMO
55: Returned from SMO
61: Returned from SMO
59: Returned from SMO
49: Returned from SMO
57: Returned from SMO
36: Returned from SMO
63: Returned from SMO
23: Returned from SMO
39: Returned from SMO
26: Returned from SMO
42: Returned from SMO
20: Returned from SMO
34: Returned from SMO
18: Returned from SMO
41: Returned from SMO
29: Returned from SMO
47: Returned from SMO
16: Returned from SMO

real	0m10.052s
user	1m12.334s
sys	0m1.655s
