openmpi/gnu/4.8.1/1.8.6(12):ERROR:150: Module 'openmpi/gnu/4.8.1/1.8.6' conflicts with the currently loaded module(s) 'openmpi/gnu/4.6.1/1.6.5'
openmpi/gnu/4.8.1/1.8.6(12):ERROR:102: Tcl command execution failed: source "$moduledir/../../common"

dtst:1 node:8 proc:128 trd:1
SMO path: /lustre/cmsc714-1bvg/SMO_alg_code_Hybrid/smo
Setting number of threads to: 1
Setting number of threads to: 1
Setting number of threads to: 1
Setting number of threads to: 1
Setting number of threads to: 1
Setting number of threads to: 1
Setting number of threads to: 1
Setting number of threads to: 1
Setting number of threads to: 1
Setting number of threads to: 1
Setting number of threads to: 1
Setting number of threads to: 1
Setting number of threads to: 1
Setting number of threads to: 1
Setting number of threads to: 1
Setting number of threads to: 1
Setting number of threads to: 1
Setting number of threads to: 1
Setting number of threads to: 1
Setting number of threads to: 1
Setting number of threads to: 1
Setting number of threads to: 1
Setting number of threads to: 1
Setting number of threads to: 1
Setting number of threads to: 1
Setting number of threads to: 1
Setting number of threads to: 1
Setting number of threads to: 1
Setting number of threads to: 1
Setting number of threads to: 1
Setting number of threads to: 1
Setting number of threads to: 1
Setting number of threads to: 1
Setting number of threads to: 1
Setting number of threads to: 1
Setting number of threads to: 1
Setting number of threads to: 1
Setting number of threads to: 1
Setting number of threads to: 1
Setting number of threads to: 1
Setting number of threads to: 1
Setting number of threads to: 1
Setting number of threads to: 1
Setting number of threads to: 1
Setting number of threads to: 1
Setting number of threads to: 1
Setting number of threads to: 1
Setting number of threads to: 1
Setting number of threads to: 1
Setting number of threads to: 1
Setting number of threads to: 1
Setting number of threads to: 1
Setting number of threads to: 1
Setting number of threads to: 1
Setting number of threads to: 1
Setting number of threads to: 1
Setting number of threads to: 1
Setting number of threads to: 1
Setting number of threads to: 1
Setting number of threads to: 1
Setting number of threads to: 1
Setting number of threads to: 1
Setting number of threads to: 1
Setting number of threads to: 1
Setting number of threads to: 1
Setting number of threads to: 1
Setting number of threads to: 1
Setting number of threads to: 1
Setting number of threads to: 1
Setting number of threads to: 1
Setting number of threads to: 1
Setting number of threads to: 1
Setting number of threads to: 1
Setting number of threads to: 1
Setting number of threads to: 1
Setting number of threads to: 1
Setting number of threads to: 1
Setting number of threads to: 1
Setting number of threads to: 1
Setting number of threads to: 1
Setting number of threads to: 1
Setting number of threads to: 1
Setting number of threads to: 1
Setting number of threads to: 1
Setting number of threads to: 1
Setting number of threads to: 1
Setting number of threads to: 1
Setting number of threads to: 1
Setting number of threads to: 1
Setting number of threads to: 1
Setting number of threads to: 1
Setting number of threads to: 1
Setting number of threads to: 1
Setting number of threads to: 1
Setting number of threads to: 1
Setting number of threads to: 1
Setting number of threads to: 1
Setting number of threads to: 1
Setting number of threads to: 1
Setting number of threads to: 1
Setting number of threads to: 1
Setting number of threads to: 1
Setting number of threads to: 1
Setting number of threads to: 1
Setting number of threads to: 1
Setting number of threads to: 1
Setting number of threads to: 1
Setting number of threads to: 1
Setting number of threads to: 1
Setting number of threads to: 1
Setting number of threads to: 1
Setting number of threads to: 1
Setting number of threads to: 1
Setting number of threads to: 1
Setting number of threads to: 1
Setting number of threads to: 1
Setting number of threads to: 1
Setting number of threads to: 1
Setting number of threads to: 1
Setting number of threads to: 1
Setting number of threads to: 1
Setting number of threads to: 1
Setting number of threads to: 1
Setting number of threads to: 1
Setting number of threads to: 1
Setting number of threads to: 1
Setting number of threads to: 1
Setting number of threads to: 1
2232
60
2232
958
60
958
Extraction done !, no of training examples (N): 1063, no of features (M): 60, no of test examples (N_test): 0
Number of gamma values in node 6: 1
Number of gamma values in node 7: 1
Number of gamma values in node 3: 1
Number of gamma values in node 9: 1
Number of gamma values in node 8: 1
Number of gamma values in node 12: 1
Number of gamma values in node 11: 1
Number of gamma values in node 13: 1
Number of gamma values in node 10: 1
Number of gamma values in node 15: 1
Number of gamma values in node 14: 1
Total number of gamma values: 30
Total number of C values: 30
Number of gamma values in node 0: 1
Number of gamma values in node 5: 1
Number of gamma values in node 4: 1
Number of gamma values in node 2: 1
Number of gamma values in node 1: 1
Number of gamma values in node 36: 0
Optimum values for node 36!! gamma_values: 0 C: 0 Best Accuracy: 0
Number of gamma values in node 37: 0
Optimum values for node 37!! gamma_values: 0 C: 0 Best Accuracy: 0
Number of gamma values in node 27: 1
Number of gamma values in node 77: 0
Optimum values for node 77!! gamma_values: 0 C: 0 Best Accuracy: 0
Number of gamma values in node 97: 0
Optimum values for node 97!! gamma_values: 0 C: 0 Best Accuracy: 0
Number of gamma values in node 80: 0
Optimum values for node 80!! gamma_values: 0 C: 0 Best Accuracy: 0
Number of gamma values in node 48: 0
Optimum values for node 48!! gamma_values: 0 C: 0 Best Accuracy: 0
Number of gamma values in node 24: 1
Number of gamma values in node 38: 0
Optimum values for node 38!! gamma_values: 0 C: 0 Best Accuracy: 0
Number of gamma values in node 73: 0
Optimum values for node 73!! gamma_values: 0 C: 0 Best Accuracy: 0
Number of gamma values in node 112: 0
Optimum values for node 112!! gamma_values: 0 C: 0 Best Accuracy: 0
Number of gamma values in node 98: 0
Optimum values for node 98!! gamma_values: 0 C: 0 Best Accuracy: 0
Number of gamma values in node 81: 0
Optimum values for node 81!! gamma_values: 0 C: 0 Best Accuracy: 0
Number of gamma values in node 49: 0
Optimum values for node 49!! gamma_values: 0 C: 0 Best Accuracy: 0
Number of gamma values in node 28: 1
Number of gamma values in node 39: 0
Optimum values for node 39!! gamma_values: 0 C: 0 Best Accuracy: 0
Number of gamma values in node 71: 0
Optimum values for node 71!! gamma_values: 0 C: 0 Best Accuracy: 0
Number of gamma values in node 120: 0
Optimum values for node 120!! gamma_values: 0 C: 0 Best Accuracy: 0
Number of gamma values in node 99: 0
Optimum values for node 99!! gamma_values: 0 C: 0 Best Accuracy: 0
Number of gamma values in node 82: 0
Optimum values for node 82!! gamma_values: 0 C: 0 Best Accuracy: 0
Number of gamma values in node 50: 0
Optimum values for node 50!! gamma_values: 0 C: 0 Best Accuracy: 0
Number of gamma values in node 29: 1
Number of gamma values in node 40: 0
Optimum values for node 40!! gamma_values: 0 C: 0 Best Accuracy: 0
Number of gamma values in node 78: 0
Optimum values for node 78!! gamma_values: 0 C: 0 Best Accuracy: 0
Number of gamma values in node 113: 0
Optimum values for node 113!! gamma_values: 0 C: 0 Best Accuracy: 0
Number of gamma values in node 100: 0
Optimum values for node 100!! gamma_values: 0 C: 0 Best Accuracy: 0
Number of gamma values in node 83: 0
Optimum values for node 83!! gamma_values: 0 C: 0 Best Accuracy: 0
Number of gamma values in node 51: 0
Optimum values for node 51!! gamma_values: 0 C: 0 Best Accuracy: 0
Number of gamma values in node 30: 0
Optimum values for node 30!! gamma_values: 0 C: 0 Best Accuracy: 0
Number of gamma values in node 41: 0
Optimum values for node 41!! gamma_values: 0 C: 0 Best Accuracy: 0
Number of gamma values in node 75: 0
Optimum values for node 75!! gamma_values: 0 C: 0 Best Accuracy: 0
Number of gamma values in node 115: 0
Optimum values for node 115!! gamma_values: 0 C: 0 Best Accuracy: 0
Number of gamma values in node 101: 0
Optimum values for node 101!! gamma_values: 0 C: 0 Best Accuracy: 0
Number of gamma values in node 84: 0
Optimum values for node 84!! gamma_values: 0 C: 0 Best Accuracy: 0
Number of gamma values in node 52: 0
Optimum values for node 52!! gamma_values: 0 C: 0 Best Accuracy: 0
Number of gamma values in node 18: 1
Number of gamma values in node 42: 0
Optimum values for node 42!! gamma_values: 0 C: 0 Best Accuracy: 0
Number of gamma values in node 74: 0
Optimum values for node 74!! gamma_values: 0 C: 0 Best Accuracy: 0
Number of gamma values in node 116: 0
Optimum values for node 116!! gamma_values: 0 C: 0 Best Accuracy: 0
Number of gamma values in node 102: 0
Optimum values for node 102!! gamma_values: 0 C: 0 Best Accuracy: 0
Number of gamma values in node 85: 0
Optimum values for node 85!! gamma_values: 0 C: 0 Best Accuracy: 0
Number of gamma values in node 56: 0
Optimum values for node 56!! gamma_values: 0 C: 0 Best Accuracy: 0
Number of gamma values in node 16: 1
Number of gamma values in node 43: 0
Optimum values for node 43!! gamma_values: 0 C: 0 Best Accuracy: 0
Number of gamma values in node 76: 0
Optimum values for node 76!! gamma_values: 0 C: 0 Best Accuracy: 0
Number of gamma values in node 117: 0
Optimum values for node 117!! gamma_values: 0 C: 0 Best Accuracy: 0
Number of gamma values in node 103: 0
Optimum values for node 103!! gamma_values: 0 C: 0 Best Accuracy: 0
Number of gamma values in node 86: 0
Optimum values for node 86!! gamma_values: 0 C: 0 Best Accuracy: 0
Number of gamma values in node 53: 0
Optimum values for node 53!! gamma_values: 0 C: 0 Best Accuracy: 0
Number of gamma values in node 17: 1
Number of gamma values in node 44: 0
Optimum values for node 44!! gamma_values: 0 C: 0 Best Accuracy: 0
Number of gamma values in node 79: 0
Optimum values for node 79!! gamma_values: 0 C: 0 Best Accuracy: 0
Number of gamma values in node 118: 0
Optimum values for node 118!! gamma_values: 0 C: 0 Best Accuracy: 0
Number of gamma values in node 107: 0
Optimum values for node 107!! gamma_values: 0 C: 0 Best Accuracy: 0
Number of gamma values in node 87: 0
Optimum values for node 87!! gamma_values: 0 C: 0 Best Accuracy: 0
Number of gamma values in node 55: 0
Optimum values for node 55!! gamma_values: 0 C: 0 Best Accuracy: 0
Number of gamma values in node 19: 1
Number of gamma values in node 45: 0
Optimum values for node 45!! gamma_values: 0 C: 0 Best Accuracy: 0
Number of gamma values in node 64: 0
Optimum values for node 64!! gamma_values: 0 C: 0 Best Accuracy: 0
Number of gamma values in node 119: 0
Optimum values for node 119!! gamma_values: 0 C: 0 Best Accuracy: 0
Number of gamma values in node 104: 0
Optimum values for node 104!! gamma_values: 0 C: 0 Best Accuracy: 0
Number of gamma values in node 88: 0
Optimum values for node 88!! gamma_values: 0 C: 0 Best Accuracy: 0
Number of gamma values in node 54: 0
Optimum values for node 54!! gamma_values: 0 C: 0 Best Accuracy: 0
Number of gamma values in node 20: 1
Number of gamma values in node 46: 0
Optimum values for node 46!! gamma_values: 0 C: 0 Best Accuracy: 0
Number of gamma values in node 65: 0
Optimum values for node 65!! gamma_values: 0 C: 0 Best Accuracy: 0
Number of gamma values in node 122: 0
Optimum values for node 122!! gamma_values: 0 C: 0 Best Accuracy: 0
Number of gamma values in node 106: 0
Optimum values for node 106!! gamma_values: 0 C: 0 Best Accuracy: 0
Number of gamma values in node 89: 0
Optimum values for node 89!! gamma_values: 0 C: 0 Best Accuracy: 0
Number of gamma values in node 63: 0
Optimum values for node 63!! gamma_values: 0 C: 0 Best Accuracy: 0
Number of gamma values in node 47: 0
Optimum values for node 47!! gamma_values: 0 C: 0 Best Accuracy: 0
Number of gamma values in node 66: 0
Optimum values for node 66!! gamma_values: 0 C: 0 Best Accuracy: 0
Number of gamma values in node 114: 0
Optimum values for node 114!! gamma_values: 0 C: 0 Best Accuracy: 0
Number of gamma values in node 105: 0
Optimum values for node 105!! gamma_values: 0 C: 0 Best Accuracy: 0
Number of gamma values in node 95: 0
Optimum values for node 95!! gamma_values: 0 C: 0 Best Accuracy: 0
Number of gamma values in node 58: 0
Optimum values for node 58!! gamma_values: 0 C: 0 Best Accuracy: 0
Number of gamma values in node 32: 0
Optimum values for node 32!! gamma_values: 0 C: 0 Best Accuracy: 0
Number of gamma values in node 72: 0
Optimum values for node 72!! gamma_values: 0 C: 0 Best Accuracy: 0
Number of gamma values in node 121: 0
Optimum values for node 121!! gamma_values: 0 C: 0 Best Accuracy: 0
Number of gamma values in node 108: 0
Optimum values for node 108!! gamma_values: 0 C: 0 Best Accuracy: 0
Number of gamma values in node 93: 0
Optimum values for node 93!! gamma_values: 0 C: 0 Best Accuracy: 0
Number of gamma values in node 59: 0
Optimum values for node 59!! gamma_values: 0 C: 0 Best Accuracy: 0
Number of gamma values in node 21: 1
Number of gamma values in node 33: 0
Optimum values for node 33!! gamma_values: 0 C: 0 Best Accuracy: 0
Number of gamma values in node 91: 0
Optimum values for node 91!! gamma_values: 0 C: 0 Best Accuracy: 0
Number of gamma values in node 60: 0
Optimum values for node 60!! gamma_values: 0 C: 0 Best Accuracy: 0
Number of gamma values in node 22: 1
Number of gamma values in node 34: 0
Optimum values for node 34!! gamma_values: 0 C: 0 Best Accuracy: 0
Number of gamma values in node 67: 0
Optimum values for node 67!! gamma_values: 0 C: 0 Best Accuracy: 0
Number of gamma values in node 123: 0
Optimum values for node 123!! gamma_values: 0 C: 0 Best Accuracy: 0
Number of gamma values in node 109: 0
Optimum values for node 109!! gamma_values: 0 C: 0 Best Accuracy: 0
Number of gamma values in node 69: 0
Optimum values for node 69!! gamma_values: 0 C: 0 Best Accuracy: 0
Number of gamma values in node 127: 0
Optimum values for node 127!! gamma_values: 0 C: 0 Best Accuracy: 0
Number of gamma values in node 110: 0
Optimum values for node 110!! gamma_values: 0 C: 0 Best Accuracy: 0
Number of gamma values in node 92: 0
Optimum values for node 92!! gamma_values: 0 C: 0 Best Accuracy: 0
Number of gamma values in node 61: 0
Optimum values for node 61!! gamma_values: 0 C: 0 Best Accuracy: 0
Number of gamma values in node 26: 1
Number of gamma values in node 35: 0
Optimum values for node 35!! gamma_values: 0 C: 0 Best Accuracy: 0
Number of gamma values in node 68: 0
Optimum values for node 68!! gamma_values: 0 C: 0 Best Accuracy: 0
Number of gamma values in node 125: 0
Optimum values for node 125!! gamma_values: 0 C: 0 Best Accuracy: 0
Number of gamma values in node 111: 0
Optimum values for node 111!! gamma_values: 0 C: 0 Best Accuracy: 0
Number of gamma values in node 90: 0
Optimum values for node 90!! gamma_values: 0 C: 0 Best Accuracy: 0
Number of gamma values in node 57: 0
Optimum values for node 57!! gamma_values: 0 C: 0 Best Accuracy: 0
Number of gamma values in node 23: 1
Number of gamma values in node 70: 0
Optimum values for node 70!! gamma_values: 0 C: 0 Best Accuracy: 0
Number of gamma values in node 124: 0
Optimum values for node 124!! gamma_values: 0 C: 0 Best Accuracy: 0
Number of gamma values in node 96: 0
Optimum values for node 96!! gamma_values: 0 C: 0 Best Accuracy: 0
Number of gamma values in node 94: 0
Optimum values for node 94!! gamma_values: 0 C: 0 Best Accuracy: 0
Number of gamma values in node 62: 0
Optimum values for node 62!! gamma_values: 0 C: 0 Best Accuracy: 0
Number of gamma values in node 25: 1
Number of gamma values in node 31: 0
Optimum values for node 31!! gamma_values: 0 C: 0 Best Accuracy: 0
Number of gamma values in node 126: 0
Optimum values for node 126!! gamma_values: 0 C: 0 Best Accuracy: 0
New optimum model found in process 7!!gamma_values: 1.25893e-07C: 1e-09Best Accuracy: 0.480932
New optimum model found in process 12!!gamma_values: 3.98109e-06C: 1e-09Best Accuracy: 0.480932
New optimum model found in process 1!!gamma_values: 1.99526e-09C: 1e-09Best Accuracy: 0.480932
New optimum model found in process 3!!gamma_values: 7.94329e-09C: 1e-09Best Accuracy: 0.480932
New optimum model found in process 11!!gamma_values: 1.99527e-06C: 1e-09Best Accuracy: 0.480932
New optimum model found in process 24!!gamma_values: 0.015849C: 1e-09Best Accuracy: 0.480932
New optimum model found in process 4!!gamma_values: 1.5849e-08C: 1e-09Best Accuracy: 0.480932
New optimum model found in process 2!!gamma_values: 3.98108e-09C: 1e-09Best Accuracy: 0.480932
New optimum model found in process 6!!gamma_values: 6.30959e-08C: 1e-09Best Accuracy: 0.480932
New optimum model found in process 20!!gamma_values: 0.00100001C: 1e-09Best Accuracy: 0.480932
New optimum model found in process 22!!gamma_values: 0.0039811C: 1e-09Best Accuracy: 0.480932
New optimum model found in process 10!!gamma_values: 1e-06C: 1e-09Best Accuracy: 0.480932
New optimum model found in process 23!!gamma_values: 0.00794333C: 1e-09Best Accuracy: 0.480932
New optimum model found in process 8!!gamma_values: 2.5119e-07C: 1e-09Best Accuracy: 0.480932
New optimum model found in process 18!!gamma_values: 0.00025119C: 1e-09Best Accuracy: 0.480932
New optimum model found in process 19!!gamma_values: 0.000501191C: 1e-09Best Accuracy: 0.480932
New optimum model found in process 27!!gamma_values: 0.125893C: 1e-09Best Accuracy: 0.480932
New optimum model found in process 5!!gamma_values: 3.16228e-08C: 1e-09Best Accuracy: 0.480932
New optimum model found in process 21!!gamma_values: 0.00199528C: 1e-09Best Accuracy: 0.480932
New optimum model found in process 25!!gamma_values: 0.031623C: 1e-09Best Accuracy: 0.480932
New optimum model found in process 14!!gamma_values: 1.5849e-05C: 1e-09Best Accuracy: 0.480932
New optimum model found in process 15!!gamma_values: 3.1623e-05C: 1e-09Best Accuracy: 0.480932
New optimum model found in process 17!!gamma_values: 0.000125893C: 1e-09Best Accuracy: 0.480932
New optimum model found in process 28!!gamma_values: 0.25119C: 1e-09Best Accuracy: 0.480932
New optimum model found in process 9!!gamma_values: 5.01189e-07C: 1e-09Best Accuracy: 0.480932
New optimum model found in process 16!!gamma_values: 6.30962e-05C: 1e-09Best Accuracy: 0.480932
New optimum model found in process 26!!gamma_values: 0.0630961C: 1e-09Best Accuracy: 0.480932
New optimum model found in process 0!!gamma_values: 1e-09C: 1e-09Best Accuracy: 0.480932
New optimum model found in process 13!!gamma_values: 7.94333e-06C: 1e-09Best Accuracy: 0.480932
New optimum model found in process 29!!gamma_values: 0.50119C: 1e-09Best Accuracy: 0.480932
New optimum model found in process 22!!gamma_values: 0.0039811C: 0.031623Best Accuracy: 0.866525
New optimum model found in process 21!!gamma_values: 0.00199528C: 0.031623Best Accuracy: 0.595339
New optimum model found in process 22!!gamma_values: 0.0039811C: 0.0630961Best Accuracy: 0.891949
New optimum model found in process 24!!gamma_values: 0.015849C: 0.031623Best Accuracy: 0.769068
New optimum model found in process 22!!gamma_values: 0.0039811C: 0.125893Best Accuracy: 0.902542
New optimum model found in process 21!!gamma_values: 0.00199528C: 0.0630961Best Accuracy: 0.887712
New optimum model found in process 23!!gamma_values: 0.00794333C: 0.015849Best Accuracy: 0.493644
New optimum model found in process 28!!gamma_values: 0.25119C: 0.25119Best Accuracy: 0.516949
Optimum values for node 0!! gamma_values: 1e-09 C: 1e-09 Best Accuracy: 0.480932
New optimum model found in process 21!!gamma_values: 0.00199528C: 0.125893Best Accuracy: 0.896186
New optimum model found in process 24!!gamma_values: 0.015849C: 0.0630961Best Accuracy: 0.891949
Optimum values for node 1!! gamma_values: 1.99526e-09 C: 1e-09 Best Accuracy: 0.480932
Optimum values for node 3!! gamma_values: 7.94329e-09 C: 1e-09 Best Accuracy: 0.480932
New optimum model found in process 19!!gamma_values: 0.000501191C: 0.125893Best Accuracy: 0.800847
Optimum values for node 2!! gamma_values: 3.98108e-09 C: 1e-09 Best Accuracy: 0.480932
Optimum values for node 22!! gamma_values: 0.0039811 C: 0.125893 Best Accuracy: 0.902542
New optimum model found in process 23!!gamma_values: 0.00794333C: 0.031623Best Accuracy: 0.891949
New optimum model found in process 20!!gamma_values: 0.00100001C: 0.0630961Best Accuracy: 0.75
New optimum model found in process 21!!gamma_values: 0.00199528C: 0.25119Best Accuracy: 0.900424
New optimum model found in process 27!!gamma_values: 0.125893C: 0.125893Best Accuracy: 0.483051
New optimum model found in process 28!!gamma_values: 0.25119C: 0.50119Best Accuracy: 0.603814
Optimum values for node 28!! gamma_values: 0.25119 C: 0.50119 Best Accuracy: 0.603814
New optimum model found in process 24!!gamma_values: 0.015849C: 0.125893Best Accuracy: 0.904661
Optimum values for node 4!! gamma_values: 1.5849e-08 C: 1e-09 Best Accuracy: 0.480932
New optimum model found in process 19!!gamma_values: 0.000501191C: 0.25119Best Accuracy: 0.891949
Optimum values for node 14!! gamma_values: 1.5849e-05 C: 1e-09 Best Accuracy: 0.480932
Optimum values for node 21!! gamma_values: 0.00199528 C: 0.25119 Best Accuracy: 0.900424
Optimum values for node 5!! gamma_values: 3.16228e-08 C: 1e-09 Best Accuracy: 0.480932
New optimum model found in process 23!!gamma_values: 0.00794333C: 0.0630961Best Accuracy: 0.894068
Optimum values for node 8!! gamma_values: 2.5119e-07 C: 1e-09 Best Accuracy: 0.480932
New optimum model found in process 25!!gamma_values: 0.031623C: 0.0630961Best Accuracy: 0.497881
New optimum model found in process 20!!gamma_values: 0.00100001C: 0.125893Best Accuracy: 0.889831
Optimum values for node 6!! gamma_values: 6.30959e-08 C: 1e-09 Best Accuracy: 0.480932
New optimum model found in process 27!!gamma_values: 0.125893C: 0.25119Best Accuracy: 0.533898
New optimum model found in process 19!!gamma_values: 0.000501191C: 0.50119Best Accuracy: 0.896186
Optimum values for node 19!! gamma_values: 0.000501191 C: 0.50119 Best Accuracy: 0.896186
Optimum values for node 9!! gamma_values: 5.01189e-07 C: 1e-09 Best Accuracy: 0.480932
New optimum model found in process 24!!gamma_values: 0.015849C: 0.25119Best Accuracy: 0.90678
Optimum values for node 12!! gamma_values: 3.98109e-06 C: 1e-09 Best Accuracy: 0.480932
Optimum values for node 11!! gamma_values: 1.99527e-06 C: 1e-09 Best Accuracy: 0.480932
Optimum values for node 7!! gamma_values: 1.25893e-07 C: 1e-09 Best Accuracy: 0.480932
Optimum values for node 15!! gamma_values: 3.1623e-05 C: 1e-09 Best Accuracy: 0.480932
New optimum model found in process 23!!gamma_values: 0.00794333C: 0.125893Best Accuracy: 0.902542
New optimum model found in process 20!!gamma_values: 0.00100001C: 0.25119Best Accuracy: 0.898305
New optimum model found in process 25!!gamma_values: 0.031623C: 0.125893Best Accuracy: 0.864407
New optimum model found in process 26!!gamma_values: 0.0630961C: 0.125893Best Accuracy: 0.483051
New optimum model found in process 24!!gamma_values: 0.015849C: 0.50119Best Accuracy: 0.913136
Optimum values for node 24!! gamma_values: 0.015849 C: 0.50119 Best Accuracy: 0.913136
New optimum model found in process 27!!gamma_values: 0.125893C: 0.50119Best Accuracy: 0.627119
Optimum values for node 27!! gamma_values: 0.125893 C: 0.50119 Best Accuracy: 0.627119
New optimum model found in process 20!!gamma_values: 0.00100001C: 0.50119Best Accuracy: 0.900424
Optimum values for node 20!! gamma_values: 0.00100001 C: 0.50119 Best Accuracy: 0.900424
Optimum values for node 10!! gamma_values: 1e-06 C: 1e-09 Best Accuracy: 0.480932
New optimum model found in process 25!!gamma_values: 0.031623C: 0.25119Best Accuracy: 0.911017
Optimum values for node 23!! gamma_values: 0.00794333 C: 0.125893 Best Accuracy: 0.902542
Optimum values for node 16!! gamma_values: 6.30962e-05 C: 1e-09 Best Accuracy: 0.480932
New optimum model found in process 26!!gamma_values: 0.0630961C: 0.25119Best Accuracy: 0.561441
Optimum values for node 13!! gamma_values: 7.94333e-06 C: 1e-09 Best Accuracy: 0.480932
New optimum model found in process 17!!gamma_values: 0.000125893C: 0.50119Best Accuracy: 0.826271
Optimum values for node 17!! gamma_values: 0.000125893 C: 0.50119 Best Accuracy: 0.826271
New optimum model found in process 18!!gamma_values: 0.00025119C: 0.25119Best Accuracy: 0.819915
New optimum model found in process 18!!gamma_values: 0.00025119C: 0.50119Best Accuracy: 0.891949
Optimum values for node 18!! gamma_values: 0.00025119 C: 0.50119 Best Accuracy: 0.891949
New optimum model found in process 26!!gamma_values: 0.0630961C: 0.50119Best Accuracy: 0.735169
Optimum values for node 26!! gamma_values: 0.0630961 C: 0.50119 Best Accuracy: 0.735169
New optimum model found in process 25!!gamma_values: 0.031623C: 0.50119Best Accuracy: 0.917373
Optimum values for node 25!! gamma_values: 0.031623 C: 0.50119 Best Accuracy: 0.917373
New optimum model found in process 29!!gamma_values: 0.50119C: 0.25119Best Accuracy: 0.508475
New optimum model found in process 29!!gamma_values: 0.50119C: 0.50119Best Accuracy: 0.591102
Optimum values for node 29!! gamma_values: 0.50119 C: 0.50119 Best Accuracy: 0.591102
Best Model Parameters: Gamma = 0.031623 C = 0.50119 Accuracy = 0.917373

real	0m8.449s
user	1m12.686s
sys	0m1.860s
