openmpi/gnu/4.8.1/1.8.6(12):ERROR:150: Module 'openmpi/gnu/4.8.1/1.8.6' conflicts with the currently loaded module(s) 'openmpi/gnu/4.6.1/1.6.5'
openmpi/gnu/4.8.1/1.8.6(12):ERROR:102: Tcl command execution failed: source "$moduledir/../../common"

dtst:1 node:2 proc:2 trd:1
SMO path: /lustre/cmsc714-1bvg/SMO_alg_code_Hybrid/smo
Setting number of threads to: 1
Setting number of threads to: 1
2232
60
2232
958
60
958
Extraction done !, no of training examples (N): 1063, no of features (M): 60, no of test examples (N_test): 0
Total number of gamma values: 30
Total number of C values: 30
Number of gamma values in node 0: 15
Number of gamma values in node 1: 15
New optimum model found in process 1!!gamma_values: 3.1623e-05C: 1e-09Best Accuracy: 0.480932
New optimum model found in process 0!!gamma_values: 1e-09C: 1e-09Best Accuracy: 0.480932
New optimum model found in process 1!!gamma_values: 0.000125893C: 0.50119Best Accuracy: 0.826271
New optimum model found in process 1!!gamma_values: 0.00025119C: 0.50119Best Accuracy: 0.891949
New optimum model found in process 1!!gamma_values: 0.000501191C: 0.50119Best Accuracy: 0.896186
New optimum model found in process 1!!gamma_values: 0.00100001C: 0.25119Best Accuracy: 0.898305
New optimum model found in process 1!!gamma_values: 0.00100001C: 0.50119Best Accuracy: 0.900424
New optimum model found in process 1!!gamma_values: 0.0039811C: 0.125893Best Accuracy: 0.902542
New optimum model found in process 1!!gamma_values: 0.015849C: 0.125893Best Accuracy: 0.904661
New optimum model found in process 1!!gamma_values: 0.015849C: 0.25119Best Accuracy: 0.90678
New optimum model found in process 1!!gamma_values: 0.015849C: 0.50119Best Accuracy: 0.913136
New optimum model found in process 1!!gamma_values: 0.031623C: 0.50119Best Accuracy: 0.917373
Optimum values for node 0!! gamma_values: 1e-09 C: 1e-09 Best Accuracy: 0.480932
Best Model Parameters: Gamma = 0.031623 C = 0.50119 Accuracy = 0.917373
Optimum values for node 1!! gamma_values: 0.031623 C: 0.50119 Best Accuracy: 0.917373

real	1m8.976s
user	0m45.452s
sys	0m0.198s
